# JRE version: OpenJDK Runtime Environment Temurin-21.0.12.1+1 (21.0.12.1+1) (build 21.0.12.1+1-LTS)
# Java VM: OpenJDK 64-Bit Server VM Temurin-21.0.12.1+1 (21.0.12.1+1-LTS, mixed mode, sharing, tiered, compressed oops, compressed class ptrs, parallel gc, windows-amd64)
GC Precious Log:
 CardTable entry size: 512
 CPUs: 8 total, 8 available
 Memory: 5877M
 Large Page Support: Disabled
 NUMA Support: Disabled
 Compressed Oops: Enabled (32-bit)
 Alignments: Space 512K, Generation 512K, Heap 2M
 Heap Min Capacity: 100M
 Heap Initial Capacity: 100M
 Heap Max Capacity: 2G
 Pre-touch: Disabled
 Parallel Workers: 8
Heap:
 PSYoungGen      total 3072K, used 2395K [0x00000000d5580000, 0x00000000d5b80000, 0x0000000100000000)
  eden space 2048K, 67% used [0x00000000d5580000,0x00000000d56dad38,0x00000000d5780000)
  from space 1024K, 98% used [0x00000000d5900000,0x00000000d59fc010,0x00000000d5a00000)
  to   space 1536K, 0% used [0x00000000d5780000,0x00000000d5780000,0x00000000d5900000)
 ParOldGen       total 331264K, used 176394K [0x0000000080000000, 0x0000000094380000, 0x00000000d5580000)
  object space 331264K, 53% used [0x0000000080000000,0x000000008ac429a0,0x0000000094380000)
 Metaspace       used 73288K, committed 74624K, reserved 1179648K
  class space    used 7376K, committed 8064K, reserved 1048576K
GC Heap History (20 events):
Event: 7742.384 GC heap before
{Heap before GC invocations=597 (full 4):
 PSYoungGen      total 2048K, used 2024K [0x00000000d5580000, 0x00000000d6300000, 0x0000000100000000)
  eden space 512K, 99% used [0x00000000d5580000,0x00000000d55fffd0,0x00000000d5600000)
  from space 1536K, 98% used [0x00000000d5a80000,0x00000000d5bfa178,0x00000000d5c00000)
  to   space 4608K, 0% used [0x00000000d5600000,0x00000000d5600000,0x00000000d5a80000)
 ParOldGen       total 331264K, used 167187K [0x0000000080000000, 0x0000000094380000, 0x00000000d5580000)
  object space 331264K, 50% used [0x0000000080000000,0x000000008a344ca8,0x0000000094380000)
 Metaspace       used 73251K, committed 74560K, reserved 1179648K
  class space    used 7373K, committed 8064K, reserved 1048576K
}
Event: 7742.398 GC heap after
{Heap after GC invocations=597 (full 4):
 PSYoungGen      total 1536K, used 544K [0x00000000d5580000, 0x00000000d5b00000, 0x0000000100000000)
  eden space 512K, 0% used [0x00000000d5580000,0x00000000d5580000,0x00000000d5600000)
  from space 1024K, 53% used [0x00000000d5600000,0x00000000d5688000,0x00000000d5700000)
  to   space 2048K, 0% used [0x00000000d5900000,0x00000000d5900000,0x00000000d5b00000)
 ParOldGen       total 331264K, used 168745K [0x0000000080000000, 0x0000000094380000, 0x00000000d5580000)
  object space 331264K, 50% used [0x0000000080000000,0x000000008a4ca5a0,0x0000000094380000)
 Metaspace       used 73251K, committed 74560K, reserved 1179648K
  class space    used 7373K, committed 8064K, reserved 1048576K
}
Event: 7742.403 GC heap before
{Heap before GC invocations=598 (full 4):
 PSYoungGen      total 1536K, used 1055K [0x00000000d5580000, 0x00000000d5b00000, 0x0000000100000000)
  eden space 512K, 99% used [0x00000000d5580000,0x00000000d55ffff0,0x00000000d5600000)
  from space 1024K, 53% used [0x00000000d5600000,0x00000000d5688000,0x00000000d5700000)
  to   space 2048K, 0% used [0x00000000d5900000,0x00000000d5900000,0x00000000d5b00000)
 ParOldGen       total 331264K, used 168745K [0x0000000080000000, 0x0000000094380000, 0x00000000d5580000)
  object space 331264K, 50% used [0x0000000080000000,0x000000008a4ca5a0,0x0000000094380000)
 Metaspace       used 73251K, committed 74560K, reserved 1179648K
  class space    used 7373K, committed 8064K, reserved 1048576K
}
Event: 7742.407 GC heap after
{Heap after GC invocations=598 (full 4):
 PSYoungGen      total 1536K, used 512K [0x00000000d5580000, 0x00000000d5980000, 0x0000000100000000)
  eden space 1024K, 0% used [0x00000000d5580000,0x00000000d5580000,0x00000000d5680000)
  from space 512K, 100% used [0x00000000d5900000,0x00000000d5980000,0x00000000d5980000)
  to   space 1024K, 0% used [0x00000000d5780000,0x00000000d5780000,0x00000000d5880000)
 ParOldGen       total 331264K, used 169153K [0x0000000080000000, 0x0000000094380000, 0x00000000d5580000)
  object space 331264K, 51% used [0x0000000080000000,0x000000008a5305a0,0x0000000094380000)
 Metaspace       used 73251K, committed 74560K, reserved 1179648K
  class space    used 7373K, committed 8064K, reserved 1048576K
}
Event: 7742.419 GC heap before
{Heap before GC invocations=599 (full 4):
 PSYoungGen      total 1536K, used 1535K [0x00000000d5580000, 0x00000000d5980000, 0x0000000100000000)
  eden space 1024K, 99% used [0x00000000d5580000,0x00000000d567fff8,0x00000000d5680000)
  from space 512K, 100% used [0x00000000d5900000,0x00000000d5980000,0x00000000d5980000)
  to   space 1024K, 0% used [0x00000000d5780000,0x00000000d5780000,0x00000000d5880000)
 ParOldGen       total 331264K, used 169153K [0x0000000080000000, 0x0000000094380000, 0x00000000d5580000)
  object space 331264K, 51% used [0x0000000080000000,0x000000008a5305a0,0x0000000094380000)
 Metaspace       used 73251K, committed 74560K, reserved 1179648K
  class space    used 7373K, committed 8064K, reserved 1048576K
}
Event: 7742.426 GC heap after
{Heap after GC invocations=599 (full 4):
 PSYoungGen      total 2560K, used 384K [0x00000000d5580000, 0x00000000d5980000, 0x0000000100000000)
  eden space 1536K, 0% used [0x00000000d5580000,0x00000000d5580000,0x00000000d5700000)
  from space 1024K, 37% used [0x00000000d5780000,0x00000000d57e0000,0x00000000d5880000)
  to   space 512K, 0% used [0x00000000d5900000,0x00000000d5900000,0x00000000d5980000)
 ParOldGen       total 331264K, used 169577K [0x0000000080000000, 0x0000000094380000, 0x00000000d5580000)
  object space 331264K, 51% used [0x0000000080000000,0x000000008a59a5a0,0x0000000094380000)
 Metaspace       used 73251K, committed 74560K, reserved 1179648K
  class space    used 7373K, committed 8064K, reserved 1048576K
}
Event: 7742.449 GC heap before
{Heap before GC invocations=600 (full 4):
 PSYoungGen      total 2560K, used 1920K [0x00000000d5580000, 0x00000000d5980000, 0x0000000100000000)
  eden space 1536K, 100% used [0x00000000d5580000,0x00000000d5700000,0x00000000d5700000)
  from space 1024K, 37% used [0x00000000d5780000,0x00000000d57e0000,0x00000000d5880000)
  to   space 512K, 0% used [0x00000000d5900000,0x00000000d5900000,0x00000000d5980000)
 ParOldGen       total 331264K, used 169577K [0x0000000080000000, 0x0000000094380000, 0x00000000d5580000)
  object space 331264K, 51% used [0x0000000080000000,0x000000008a59a5a0,0x0000000094380000)
 Metaspace       used 73251K, committed 74560K, reserved 1179648K
  class space    used 7373K, committed 8064K, reserved 1048576K
}
Event: 7742.457 GC heap after
{Heap after GC invocations=600 (full 4):
 PSYoungGen      total 2560K, used 512K [0x00000000d5580000, 0x00000000d5980000, 0x0000000100000000)
  eden space 2048K, 0% used [0x00000000d5580000,0x00000000d5580000,0x00000000d5780000)
  from space 512K, 100% used [0x00000000d5900000,0x00000000d5980000,0x00000000d5980000)
  to   space 1024K, 0% used [0x00000000d5780000,0x00000000d5780000,0x00000000d5880000)
 ParOldGen       total 331264K, used 169918K [0x0000000080000000, 0x0000000094380000, 0x00000000d5580000)
  object space 331264K, 51% used [0x0000000080000000,0x000000008a5ef820,0x0000000094380000)
 Metaspace       used 73251K, committed 74560K, reserved 1179648K
  class space    used 7373K, committed 8064K, reserved 1048576K
}
Event: 7742.577 GC heap before
{Heap before GC invocations=601 (full 4):
 PSYoungGen      total 2560K, used 2401K [0x00000000d5580000, 0x00000000d5980000, 0x0000000100000000)
  eden space 2048K, 92% used [0x00000000d5580000,0x00000000d5758660,0x00000000d5780000)
  from space 512K, 100% used [0x00000000d5900000,0x00000000d5980000,0x00000000d5980000)
  to   space 1024K, 0% used [0x00000000d5780000,0x00000000d5780000,0x00000000d5880000)
 ParOldGen       total 331264K, used 169918K [0x0000000080000000, 0x0000000094380000, 0x00000000d5580000)
  object space 331264K, 51% used [0x0000000080000000,0x000000008a5ef820,0x0000000094380000)
 Metaspace       used 73251K, committed 74560K, reserved 1179648K
  class space    used 7373K, committed 8064K, reserved 1048576K
}
Event: 7742.583 GC heap after
{Heap after GC invocations=601 (full 4):
 PSYoungGen      total 3072K, used 768K [0x00000000d5580000, 0x00000000d5a00000, 0x0000000100000000)
  eden space 2048K, 0% used [0x00000000d5580000,0x00000000d5580000,0x00000000d5780000)
  from space 1024K, 75% used [0x00000000d5780000,0x00000000d5840000,0x00000000d5880000)
  to   space 1024K, 0% used [0x00000000d5900000,0x00000000d5900000,0x00000000d5a00000)
 ParOldGen       total 331264K, used 170446K [0x0000000080000000, 0x0000000094380000, 0x00000000d5580000)
  object space 331264K, 51% used [0x0000000080000000,0x000000008a673840,0x0000000094380000)
 Metaspace       used 73251K, committed 74560K, reserved 1179648K
  class space    used 7373K, committed 8064K, reserved 1048576K
}
Event: 7742.598 GC heap before
{Heap before GC invocations=602 (full 4):
 PSYoungGen      total 3072K, used 2816K [0x00000000d5580000, 0x00000000d5a00000, 0x0000000100000000)
  eden space 2048K, 100% used [0x00000000d5580000,0x00000000d5780000,0x00000000d5780000)
  from space 1024K, 75% used [0x00000000d5780000,0x00000000d5840000,0x00000000d5880000)
  to   space 1024K, 0% used [0x00000000d5900000,0x00000000d5900000,0x00000000d5a00000)
 ParOldGen       total 331264K, used 170446K [0x0000000080000000, 0x0000000094380000, 0x00000000d5580000)
  object space 331264K, 51% used [0x0000000080000000,0x000000008a673840,0x0000000094380000)
 Metaspace       used 73251K, committed 74560K, reserved 1179648K
  class space    used 7373K, committed 8064K, reserved 1048576K
}
Event: 7742.604 GC heap after
{Heap after GC invocations=602 (full 4):
 PSYoungGen      total 2048K, used 1000K [0x00000000d5580000, 0x00000000d5d00000, 0x0000000100000000)
  eden space 1024K, 0% used [0x00000000d5580000,0x00000000d5580000,0x00000000d5680000)
  from space 1024K, 97% used [0x00000000d5900000,0x00000000d59fa178,0x00000000d5a00000)
  to   space 2560K, 0% used [0x00000000d5680000,0x00000000d5680000,0x00000000d5900000)
 ParOldGen       total 331264K, used 171526K [0x0000000080000000, 0x0000000094380000, 0x00000000d5580000)
  object space 331264K, 51% used [0x0000000080000000,0x000000008a7819b8,0x0000000094380000)
 Metaspace       used 73251K, committed 74560K, reserved 1179648K
  class space    used 7373K, committed 8064K, reserved 1048576K
}
Event: 7742.608 GC heap before
{Heap before GC invocations=603 (full 4):
 PSYoungGen      total 2048K, used 2024K [0x00000000d5580000, 0x00000000d5d00000, 0x0000000100000000)
  eden space 1024K, 100% used [0x00000000d5580000,0x00000000d5680000,0x00000000d5680000)
  from space 1024K, 97% used [0x00000000d5900000,0x00000000d59fa178,0x00000000d5a00000)
  to   space 2560K, 0% used [0x00000000d5680000,0x00000000d5680000,0x00000000d5900000)
 ParOldGen       total 331264K, used 171526K [0x0000000080000000, 0x0000000094380000, 0x00000000d5580000)
  object space 331264K, 51% used [0x0000000080000000,0x000000008a7819b8,0x0000000094380000)
 Metaspace       used 73251K, committed 74560K, reserved 1179648K
  class space    used 7373K, committed 8064K, reserved 1048576K
}
Event: 7742.615 GC heap after
{Heap after GC invocations=603 (full 4):
 PSYoungGen      total 2048K, used 960K [0x00000000d5580000, 0x00000000d5a00000, 0x0000000100000000)
  eden space 1024K, 0% used [0x00000000d5580000,0x00000000d5580000,0x00000000d5680000)
  from space 1024K, 93% used [0x00000000d5680000,0x00000000d5770000,0x00000000d5780000)
  to   space 1536K, 0% used [0x00000000d5880000,0x00000000d5880000,0x00000000d5a00000)
 ParOldGen       total 331264K, used 172568K [0x0000000080000000, 0x0000000094380000, 0x00000000d5580000)
  object space 331264K, 52% used [0x0000000080000000,0x000000008a886330,0x0000000094380000)
 Metaspace       used 73251K, committed 74560K, reserved 1179648K
  class space    used 7373K, committed 8064K, reserved 1048576K
}
Event: 7742.621 GC heap before
{Heap before GC invocations=604 (full 4):
 PSYoungGen      total 2048K, used 1983K [0x00000000d5580000, 0x00000000d5a00000, 0x0000000100000000)
  eden space 1024K, 99% used [0x00000000d5580000,0x00000000d567ffe0,0x00000000d5680000)
  from space 1024K, 93% used [0x00000000d5680000,0x00000000d5770000,0x00000000d5780000)
  to   space 1536K, 0% used [0x00000000d5880000,0x00000000d5880000,0x00000000d5a00000)
 ParOldGen       total 331264K, used 172568K [0x0000000080000000, 0x0000000094380000, 0x00000000d5580000)
  object space 331264K, 52% used [0x0000000080000000,0x000000008a886330,0x0000000094380000)
 Metaspace       used 73251K, committed 74560K, reserved 1179648K
  class space    used 7373K, committed 8064K, reserved 1048576K
}
Event: 7742.630 GC heap after
{Heap after GC invocations=604 (full 4):
 PSYoungGen      total 3072K, used 992K [0x00000000d5580000, 0x00000000d5a00000, 0x0000000100000000)
  eden space 1536K, 0% used [0x00000000d5580000,0x00000000d5580000,0x00000000d5700000)
  from space 1536K, 64% used [0x00000000d5880000,0x00000000d5978000,0x00000000d5a00000)
  to   space 1536K, 0% used [0x00000000d5700000,0x00000000d5700000,0x00000000d5880000)
 ParOldGen       total 331264K, used 173440K [0x0000000080000000, 0x0000000094380000, 0x00000000d5580000)
  object space 331264K, 52% used [0x0000000080000000,0x000000008a960340,0x0000000094380000)
 Metaspace       used 73251K, committed 74560K, reserved 1179648K
  class space    used 7373K, committed 8064K, reserved 1048576K
}
Event: 7742.653 GC heap before
{Heap before GC invocations=605 (full 4):
 PSYoungGen      total 3072K, used 2527K [0x00000000d5580000, 0x00000000d5a00000, 0x0000000100000000)
  eden space 1536K, 99% used [0x00000000d5580000,0x00000000d56fffc0,0x00000000d5700000)
  from space 1536K, 64% used [0x00000000d5880000,0x00000000d5978000,0x00000000d5a00000)
  to   space 1536K, 0% used [0x00000000d5700000,0x00000000d5700000,0x00000000d5880000)
 ParOldGen       total 331264K, used 173440K [0x0000000080000000, 0x0000000094380000, 0x00000000d5580000)
  object space 331264K, 52% used [0x0000000080000000,0x000000008a960340,0x0000000094380000)
 Metaspace       used 73251K, committed 74560K, reserved 1179648K
  class space    used 7373K, committed 8064K, reserved 1048576K
}
Event: 7742.661 GC heap after
{Heap after GC invocations=605 (full 4):
 PSYoungGen      total 3072K, used 1056K [0x00000000d5580000, 0x00000000d5a80000, 0x0000000100000000)
  eden space 1536K, 0% used [0x00000000d5580000,0x00000000d5580000,0x00000000d5700000)
  from space 1536K, 68% used [0x00000000d5700000,0x00000000d5808000,0x00000000d5880000)
  to   space 1536K, 0% used [0x00000000d5900000,0x00000000d5900000,0x00000000d5a80000)
 ParOldGen       total 331264K, used 174368K [0x0000000080000000, 0x0000000094380000, 0x00000000d5580000)
  object space 331264K, 52% used [0x0000000080000000,0x000000008aa48340,0x0000000094380000)
 Metaspace       used 73251K, committed 74560K, reserved 1179648K
  class space    used 7373K, committed 8064K, reserved 1048576K
}
Event: 7742.695 GC heap before
{Heap before GC invocations=606 (full 4):
 PSYoungGen      total 3072K, used 2591K [0x00000000d5580000, 0x00000000d5a80000, 0x0000000100000000)
  eden space 1536K, 99% used [0x00000000d5580000,0x00000000d56ffff0,0x00000000d5700000)
  from space 1536K, 68% used [0x00000000d5700000,0x00000000d5808000,0x00000000d5880000)
  to   space 1536K, 0% used [0x00000000d5900000,0x00000000d5900000,0x00000000d5a80000)
 ParOldGen       total 331264K, used 174368K [0x0000000080000000, 0x0000000094380000, 0x00000000d5580000)
  object space 331264K, 52% used [0x0000000080000000,0x000000008aa48340,0x0000000094380000)
 Metaspace       used 73253K, committed 74560K, reserved 1179648K
  class space    used 7373K, committed 8064K, reserved 1048576K
}
Event: 7742.708 GC heap after
{Heap after GC invocations=606 (full 4):
 PSYoungGen      total 3072K, used 752K [0x00000000d5580000, 0x00000000d5a00000, 0x0000000100000000)
  eden space 2048K, 0% used [0x00000000d5580000,0x00000000d5580000,0x00000000d5780000)
  from space 1024K, 73% used [0x00000000d5900000,0x00000000d59bc010,0x00000000d5a00000)
  to   space 1024K, 0% used [0x00000000d5800000,0x00000000d5800000,0x00000000d5900000)
 ParOldGen       total 331264K, used 175229K [0x0000000080000000, 0x0000000094380000, 0x00000000d5580000)
  object space 331264K, 52% used [0x0000000080000000,0x000000008ab1f7c0,0x0000000094380000)
 Metaspace       used 73253K, committed 74560K, reserved 1179648K
  class space    used 7373K, committed 8064K, reserved 1048576K
}

